ERROR - 2024-04-22 07:47:06 --> mysqli_sql_exception: Invalid default value for 'created_at' in /Users/chungnguyen/Documents/project/mini-project-ci4/system/Database/MySQLi/Connection.php:308
Stack trace:
#0 /Users/chungnguyen/Documents/project/mini-project-ci4/system/Database/MySQLi/Connection.php(308): mysqli->query('CREATE TABLE `u...', 0)
#1 /Users/chungnguyen/Documents/project/mini-project-ci4/system/Database/BaseConnection.php(721): CodeIgniter\Database\MySQLi\Connection->execute('CREATE TABLE `u...')
#2 /Users/chungnguyen/Documents/project/mini-project-ci4/system/Database/BaseConnection.php(635): CodeIgniter\Database\BaseConnection->simpleQuery('CREATE TABLE `u...')
#3 /Users/chungnguyen/Documents/project/mini-project-ci4/system/Database/Forge.php(570): CodeIgniter\Database\BaseConnection->query('CREATE TABLE `u...')
#4 /Users/chungnguyen/Documents/project/mini-project-ci4/app/Database/Migrations/2024-04-22-073416_Users.php(46): CodeIgniter\Database\Forge->createTable('users')
#5 /Users/chungnguyen/Documents/project/mini-project-ci4/system/Database/MigrationRunner.php(867): App\Database\Migrations\Users->up()
#6 /Users/chungnguyen/Documents/project/mini-project-ci4/system/Database/MigrationRunner.php(183): CodeIgniter\Database\MigrationRunner->migrate('up', Object(stdClass))
#7 /Users/chungnguyen/Documents/project/mini-project-ci4/system/Commands/Database/Migrate.php(85): CodeIgniter\Database\MigrationRunner->latest(NULL)
#8 /Users/chungnguyen/Documents/project/mini-project-ci4/system/CLI/Commands.php(70): CodeIgniter\Commands\Database\Migrate->run(Array)
#9 /Users/chungnguyen/Documents/project/mini-project-ci4/system/CLI/Console.php(48): CodeIgniter\CLI\Commands->run('migrate', Array)
#10 /Users/chungnguyen/Documents/project/mini-project-ci4/system/Boot.php(338): CodeIgniter\CLI\Console->run()
#11 /Users/chungnguyen/Documents/project/mini-project-ci4/system/Boot.php(104): CodeIgniter\Boot::runCommand(Object(CodeIgniter\CLI\Console))
#12 /Users/chungnguyen/Documents/project/mini-project-ci4/spark(84): CodeIgniter\Boot::bootSpark(Object(Config\Paths))
#13 {main}
ERROR - 2024-04-22 07:57:14 --> mysqli_sql_exception: Can't create table `mini_project_ci4`.`tickets` (errno: 150 "Foreign key constraint is incorrectly formed") in /Users/chungnguyen/Documents/project/mini-project-ci4/system/Database/MySQLi/Connection.php:308
Stack trace:
#0 /Users/chungnguyen/Documents/project/mini-project-ci4/system/Database/MySQLi/Connection.php(308): mysqli->query('CREATE TABLE `t...', 0)
#1 /Users/chungnguyen/Documents/project/mini-project-ci4/system/Database/BaseConnection.php(721): CodeIgniter\Database\MySQLi\Connection->execute('CREATE TABLE `t...')
#2 /Users/chungnguyen/Documents/project/mini-project-ci4/system/Database/BaseConnection.php(635): CodeIgniter\Database\BaseConnection->simpleQuery('CREATE TABLE `t...')
#3 /Users/chungnguyen/Documents/project/mini-project-ci4/system/Database/Forge.php(570): CodeIgniter\Database\BaseConnection->query('CREATE TABLE `t...')
#4 /Users/chungnguyen/Documents/project/mini-project-ci4/app/Database/Migrations/2024-04-22-075603_Tickets.php(38): CodeIgniter\Database\Forge->createTable('tickets')
#5 /Users/chungnguyen/Documents/project/mini-project-ci4/system/Database/MigrationRunner.php(867): App\Database\Migrations\Tickets->up()
#6 /Users/chungnguyen/Documents/project/mini-project-ci4/system/Database/MigrationRunner.php(183): CodeIgniter\Database\MigrationRunner->migrate('up', Object(stdClass))
#7 /Users/chungnguyen/Documents/project/mini-project-ci4/system/Commands/Database/Migrate.php(85): CodeIgniter\Database\MigrationRunner->latest(NULL)
#8 /Users/chungnguyen/Documents/project/mini-project-ci4/system/CLI/Commands.php(70): CodeIgniter\Commands\Database\Migrate->run(Array)
#9 /Users/chungnguyen/Documents/project/mini-project-ci4/system/CLI/Console.php(48): CodeIgniter\CLI\Commands->run('migrate', Array)
#10 /Users/chungnguyen/Documents/project/mini-project-ci4/system/Boot.php(338): CodeIgniter\CLI\Console->run()
#11 /Users/chungnguyen/Documents/project/mini-project-ci4/system/Boot.php(104): CodeIgniter\Boot::runCommand(Object(CodeIgniter\CLI\Console))
#12 /Users/chungnguyen/Documents/project/mini-project-ci4/spark(84): CodeIgniter\Boot::bootSpark(Object(Config\Paths))
#13 {main}
ERROR - 2024-04-22 08:01:42 --> mysqli_sql_exception: Can't create table `mini_project_ci4`.`tickets` (errno: 150 "Foreign key constraint is incorrectly formed") in /Users/chungnguyen/Documents/project/mini-project-ci4/system/Database/MySQLi/Connection.php:308
Stack trace:
#0 /Users/chungnguyen/Documents/project/mini-project-ci4/system/Database/MySQLi/Connection.php(308): mysqli->query('CREATE TABLE `t...', 0)
#1 /Users/chungnguyen/Documents/project/mini-project-ci4/system/Database/BaseConnection.php(721): CodeIgniter\Database\MySQLi\Connection->execute('CREATE TABLE `t...')
#2 /Users/chungnguyen/Documents/project/mini-project-ci4/system/Database/BaseConnection.php(635): CodeIgniter\Database\BaseConnection->simpleQuery('CREATE TABLE `t...')
#3 /Users/chungnguyen/Documents/project/mini-project-ci4/system/Database/Forge.php(570): CodeIgniter\Database\BaseConnection->query('CREATE TABLE `t...')
#4 /Users/chungnguyen/Documents/project/mini-project-ci4/app/Database/Migrations/2024-04-22-075603_Tickets.php(38): CodeIgniter\Database\Forge->createTable('tickets')
#5 /Users/chungnguyen/Documents/project/mini-project-ci4/system/Database/MigrationRunner.php(867): App\Database\Migrations\Tickets->up()
#6 /Users/chungnguyen/Documents/project/mini-project-ci4/system/Database/MigrationRunner.php(183): CodeIgniter\Database\MigrationRunner->migrate('up', Object(stdClass))
#7 /Users/chungnguyen/Documents/project/mini-project-ci4/system/Commands/Database/Migrate.php(85): CodeIgniter\Database\MigrationRunner->latest(NULL)
#8 /Users/chungnguyen/Documents/project/mini-project-ci4/system/CLI/Commands.php(70): CodeIgniter\Commands\Database\Migrate->run(Array)
#9 /Users/chungnguyen/Documents/project/mini-project-ci4/system/CLI/Console.php(48): CodeIgniter\CLI\Commands->run('migrate', Array)
#10 /Users/chungnguyen/Documents/project/mini-project-ci4/system/Boot.php(338): CodeIgniter\CLI\Console->run()
#11 /Users/chungnguyen/Documents/project/mini-project-ci4/system/Boot.php(104): CodeIgniter\Boot::runCommand(Object(CodeIgniter\CLI\Console))
#12 /Users/chungnguyen/Documents/project/mini-project-ci4/spark(84): CodeIgniter\Boot::bootSpark(Object(Config\Paths))
#13 {main}
ERROR - 2024-04-22 08:28:49 --> mysqli_sql_exception: Can't create table `mini_project_ci4`.`tickets` (errno: 150 "Foreign key constraint is incorrectly formed") in /Users/chungnguyen/Documents/project/mini-project-ci4/system/Database/MySQLi/Connection.php:308
Stack trace:
#0 /Users/chungnguyen/Documents/project/mini-project-ci4/system/Database/MySQLi/Connection.php(308): mysqli->query('CREATE TABLE `t...', 0)
#1 /Users/chungnguyen/Documents/project/mini-project-ci4/system/Database/BaseConnection.php(721): CodeIgniter\Database\MySQLi\Connection->execute('CREATE TABLE `t...')
#2 /Users/chungnguyen/Documents/project/mini-project-ci4/system/Database/BaseConnection.php(635): CodeIgniter\Database\BaseConnection->simpleQuery('CREATE TABLE `t...')
#3 /Users/chungnguyen/Documents/project/mini-project-ci4/system/Database/Forge.php(570): CodeIgniter\Database\BaseConnection->query('CREATE TABLE `t...')
#4 /Users/chungnguyen/Documents/project/mini-project-ci4/app/Database/Migrations/2024-04-22-075603_Tickets.php(38): CodeIgniter\Database\Forge->createTable('tickets')
#5 /Users/chungnguyen/Documents/project/mini-project-ci4/system/Database/MigrationRunner.php(867): App\Database\Migrations\Tickets->up()
#6 /Users/chungnguyen/Documents/project/mini-project-ci4/system/Database/MigrationRunner.php(183): CodeIgniter\Database\MigrationRunner->migrate('up', Object(stdClass))
#7 /Users/chungnguyen/Documents/project/mini-project-ci4/system/Commands/Database/Migrate.php(85): CodeIgniter\Database\MigrationRunner->latest(NULL)
#8 /Users/chungnguyen/Documents/project/mini-project-ci4/system/CLI/Commands.php(70): CodeIgniter\Commands\Database\Migrate->run(Array)
#9 /Users/chungnguyen/Documents/project/mini-project-ci4/system/CLI/Console.php(48): CodeIgniter\CLI\Commands->run('migrate', Array)
#10 /Users/chungnguyen/Documents/project/mini-project-ci4/system/Boot.php(338): CodeIgniter\CLI\Console->run()
#11 /Users/chungnguyen/Documents/project/mini-project-ci4/system/Boot.php(104): CodeIgniter\Boot::runCommand(Object(CodeIgniter\CLI\Console))
#12 /Users/chungnguyen/Documents/project/mini-project-ci4/spark(84): CodeIgniter\Boot::bootSpark(Object(Config\Paths))
#13 {main}
ERROR - 2024-04-22 08:40:48 --> mysqli_sql_exception: Can't create table `mini_project_ci4`.`tickets` (errno: 150 "Foreign key constraint is incorrectly formed") in /Users/chungnguyen/Documents/project/mini-project-ci4/system/Database/MySQLi/Connection.php:308
Stack trace:
#0 /Users/chungnguyen/Documents/project/mini-project-ci4/system/Database/MySQLi/Connection.php(308): mysqli->query('CREATE TABLE `t...', 0)
#1 /Users/chungnguyen/Documents/project/mini-project-ci4/system/Database/BaseConnection.php(721): CodeIgniter\Database\MySQLi\Connection->execute('CREATE TABLE `t...')
#2 /Users/chungnguyen/Documents/project/mini-project-ci4/system/Database/BaseConnection.php(635): CodeIgniter\Database\BaseConnection->simpleQuery('CREATE TABLE `t...')
#3 /Users/chungnguyen/Documents/project/mini-project-ci4/system/Database/Forge.php(570): CodeIgniter\Database\BaseConnection->query('CREATE TABLE `t...')
#4 /Users/chungnguyen/Documents/project/mini-project-ci4/app/Database/Migrations/2024-04-22-075603_Tickets.php(38): CodeIgniter\Database\Forge->createTable('tickets')
#5 /Users/chungnguyen/Documents/project/mini-project-ci4/system/Database/MigrationRunner.php(867): App\Database\Migrations\Tickets->up()
#6 /Users/chungnguyen/Documents/project/mini-project-ci4/system/Database/MigrationRunner.php(183): CodeIgniter\Database\MigrationRunner->migrate('up', Object(stdClass))
#7 /Users/chungnguyen/Documents/project/mini-project-ci4/system/Commands/Database/Migrate.php(85): CodeIgniter\Database\MigrationRunner->latest(NULL)
#8 /Users/chungnguyen/Documents/project/mini-project-ci4/system/CLI/Commands.php(70): CodeIgniter\Commands\Database\Migrate->run(Array)
#9 /Users/chungnguyen/Documents/project/mini-project-ci4/system/CLI/Console.php(48): CodeIgniter\CLI\Commands->run('migrate', Array)
#10 /Users/chungnguyen/Documents/project/mini-project-ci4/system/Boot.php(338): CodeIgniter\CLI\Console->run()
#11 /Users/chungnguyen/Documents/project/mini-project-ci4/system/Boot.php(104): CodeIgniter\Boot::runCommand(Object(CodeIgniter\CLI\Console))
#12 /Users/chungnguyen/Documents/project/mini-project-ci4/spark(84): CodeIgniter\Boot::bootSpark(Object(Config\Paths))
#13 {main}
ERROR - 2024-04-22 08:53:16 --> mysqli_sql_exception: Can't create table `mini_project_ci4`.`tickets` (errno: 150 "Foreign key constraint is incorrectly formed") in /Users/chungnguyen/Documents/project/mini-project-ci4/system/Database/MySQLi/Connection.php:308
Stack trace:
#0 /Users/chungnguyen/Documents/project/mini-project-ci4/system/Database/MySQLi/Connection.php(308): mysqli->query('CREATE TABLE `t...', 0)
#1 /Users/chungnguyen/Documents/project/mini-project-ci4/system/Database/BaseConnection.php(721): CodeIgniter\Database\MySQLi\Connection->execute('CREATE TABLE `t...')
#2 /Users/chungnguyen/Documents/project/mini-project-ci4/system/Database/BaseConnection.php(635): CodeIgniter\Database\BaseConnection->simpleQuery('CREATE TABLE `t...')
#3 /Users/chungnguyen/Documents/project/mini-project-ci4/system/Database/Forge.php(570): CodeIgniter\Database\BaseConnection->query('CREATE TABLE `t...')
#4 /Users/chungnguyen/Documents/project/mini-project-ci4/app/Database/Migrations/2024-04-22-075603_Tickets.php(39): CodeIgniter\Database\Forge->createTable('tickets')
#5 /Users/chungnguyen/Documents/project/mini-project-ci4/system/Database/MigrationRunner.php(867): App\Database\Migrations\Tickets->up()
#6 /Users/chungnguyen/Documents/project/mini-project-ci4/system/Database/MigrationRunner.php(183): CodeIgniter\Database\MigrationRunner->migrate('up', Object(stdClass))
#7 /Users/chungnguyen/Documents/project/mini-project-ci4/system/Commands/Database/Migrate.php(85): CodeIgniter\Database\MigrationRunner->latest(NULL)
#8 /Users/chungnguyen/Documents/project/mini-project-ci4/system/CLI/Commands.php(70): CodeIgniter\Commands\Database\Migrate->run(Array)
#9 /Users/chungnguyen/Documents/project/mini-project-ci4/system/CLI/Console.php(48): CodeIgniter\CLI\Commands->run('migrate', Array)
#10 /Users/chungnguyen/Documents/project/mini-project-ci4/system/Boot.php(338): CodeIgniter\CLI\Console->run()
#11 /Users/chungnguyen/Documents/project/mini-project-ci4/system/Boot.php(104): CodeIgniter\Boot::runCommand(Object(CodeIgniter\CLI\Console))
#12 /Users/chungnguyen/Documents/project/mini-project-ci4/spark(84): CodeIgniter\Boot::bootSpark(Object(Config\Paths))
#13 {main}
ERROR - 2024-04-22 08:57:41 --> mysqli_sql_exception: Can't create table `mini_project_ci4`.`tickets` (errno: 150 "Foreign key constraint is incorrectly formed") in /Users/chungnguyen/Documents/project/mini-project-ci4/system/Database/MySQLi/Connection.php:308
Stack trace:
#0 /Users/chungnguyen/Documents/project/mini-project-ci4/system/Database/MySQLi/Connection.php(308): mysqli->query('CREATE TABLE `t...', 0)
#1 /Users/chungnguyen/Documents/project/mini-project-ci4/system/Database/BaseConnection.php(721): CodeIgniter\Database\MySQLi\Connection->execute('CREATE TABLE `t...')
#2 /Users/chungnguyen/Documents/project/mini-project-ci4/system/Database/BaseConnection.php(635): CodeIgniter\Database\BaseConnection->simpleQuery('CREATE TABLE `t...')
#3 /Users/chungnguyen/Documents/project/mini-project-ci4/system/Database/Forge.php(570): CodeIgniter\Database\BaseConnection->query('CREATE TABLE `t...')
#4 /Users/chungnguyen/Documents/project/mini-project-ci4/app/Database/Migrations/2024-04-22-075603_Tickets.php(39): CodeIgniter\Database\Forge->createTable('tickets')
#5 /Users/chungnguyen/Documents/project/mini-project-ci4/system/Database/MigrationRunner.php(867): App\Database\Migrations\Tickets->up()
#6 /Users/chungnguyen/Documents/project/mini-project-ci4/system/Database/MigrationRunner.php(183): CodeIgniter\Database\MigrationRunner->migrate('up', Object(stdClass))
#7 /Users/chungnguyen/Documents/project/mini-project-ci4/system/Commands/Database/Migrate.php(85): CodeIgniter\Database\MigrationRunner->latest(NULL)
#8 /Users/chungnguyen/Documents/project/mini-project-ci4/system/CLI/Commands.php(70): CodeIgniter\Commands\Database\Migrate->run(Array)
#9 /Users/chungnguyen/Documents/project/mini-project-ci4/system/CLI/Console.php(48): CodeIgniter\CLI\Commands->run('migrate', Array)
#10 /Users/chungnguyen/Documents/project/mini-project-ci4/system/Boot.php(338): CodeIgniter\CLI\Console->run()
#11 /Users/chungnguyen/Documents/project/mini-project-ci4/system/Boot.php(104): CodeIgniter\Boot::runCommand(Object(CodeIgniter\CLI\Console))
#12 /Users/chungnguyen/Documents/project/mini-project-ci4/spark(84): CodeIgniter\Boot::bootSpark(Object(Config\Paths))
#13 {main}
ERROR - 2024-04-22 09:02:41 --> mysqli_sql_exception: Table 'tickets' already exists in /Users/chungnguyen/Documents/project/mini-project-ci4/system/Database/MySQLi/Connection.php:308
Stack trace:
#0 /Users/chungnguyen/Documents/project/mini-project-ci4/system/Database/MySQLi/Connection.php(308): mysqli->query('CREATE TABLE `t...', 0)
#1 /Users/chungnguyen/Documents/project/mini-project-ci4/system/Database/BaseConnection.php(721): CodeIgniter\Database\MySQLi\Connection->execute('CREATE TABLE `t...')
#2 /Users/chungnguyen/Documents/project/mini-project-ci4/system/Database/BaseConnection.php(635): CodeIgniter\Database\BaseConnection->simpleQuery('CREATE TABLE `t...')
#3 /Users/chungnguyen/Documents/project/mini-project-ci4/system/Database/Forge.php(570): CodeIgniter\Database\BaseConnection->query('CREATE TABLE `t...')
#4 /Users/chungnguyen/Documents/project/mini-project-ci4/app/Database/Migrations/2024-04-22-075603_Tickets.php(39): CodeIgniter\Database\Forge->createTable('tickets')
#5 /Users/chungnguyen/Documents/project/mini-project-ci4/system/Database/MigrationRunner.php(867): App\Database\Migrations\Tickets->up()
#6 /Users/chungnguyen/Documents/project/mini-project-ci4/system/Database/MigrationRunner.php(183): CodeIgniter\Database\MigrationRunner->migrate('up', Object(stdClass))
#7 /Users/chungnguyen/Documents/project/mini-project-ci4/system/Commands/Database/Migrate.php(85): CodeIgniter\Database\MigrationRunner->latest(NULL)
#8 /Users/chungnguyen/Documents/project/mini-project-ci4/system/CLI/Commands.php(70): CodeIgniter\Commands\Database\Migrate->run(Array)
#9 /Users/chungnguyen/Documents/project/mini-project-ci4/system/CLI/Console.php(48): CodeIgniter\CLI\Commands->run('migrate', Array)
#10 /Users/chungnguyen/Documents/project/mini-project-ci4/system/Boot.php(338): CodeIgniter\CLI\Console->run()
#11 /Users/chungnguyen/Documents/project/mini-project-ci4/system/Boot.php(104): CodeIgniter\Boot::runCommand(Object(CodeIgniter\CLI\Console))
#12 /Users/chungnguyen/Documents/project/mini-project-ci4/spark(84): CodeIgniter\Boot::bootSpark(Object(Config\Paths))
#13 {main}
CRITICAL - 2024-04-22 10:44:49 --> ErrorException: include(header.php): Failed to open stream: No such file or directory
[Method: GET, Route: Home]
in APPPATH/Views/Home.php on line 1.
 1 APPPATH/Views/Home.php(1): CodeIgniter\Debug\Exceptions->errorHandler(2, 'include(header.php): Failed to open stream: No such file or directory', '/Users/chungnguyen/Documents/project/mini-project-ci4/app/Views/Home.php', 1)
 2 APPPATH/Views/Home.php(1): include()
 3 SYSTEMPATH/View/View.php(234): include('/Users/chungnguyen/Documents/project/mini-project-ci4/app/Views/Home.php')
 4 SYSTEMPATH/View/View.php(237): CodeIgniter\View\View->CodeIgniter\View\{closure}()
 5 SYSTEMPATH/Common.php(1171): CodeIgniter\View\View->render('Home', [], true)
 6 APPPATH/Controllers/Home.php(9): view('Home')
 7 SYSTEMPATH/CodeIgniter.php(933): App\Controllers\Home->index()
 8 SYSTEMPATH/CodeIgniter.php(509): CodeIgniter\CodeIgniter->runController(Object(App\Controllers\Home))
 9 SYSTEMPATH/CodeIgniter.php(355): CodeIgniter\CodeIgniter->handleRequest(null, Object(Config\Cache), false)
10 SYSTEMPATH/Boot.php(312): CodeIgniter\CodeIgniter->run()
11 SYSTEMPATH/Boot.php(67): CodeIgniter\Boot::runCodeIgniter(Object(CodeIgniter\CodeIgniter))
12 FCPATH/index.php(56): CodeIgniter\Boot::bootWeb(Object(Config\Paths))
13 SYSTEMPATH/Commands/Server/rewrite.php(49): require_once('/Users/chungnguyen/Documents/project/mini-project-ci4/public/index.php')
CRITICAL - 2024-04-22 10:45:20 --> ErrorException: include(views/inc/header.php): Failed to open stream: No such file or directory
[Method: GET, Route: Home]
in APPPATH/Views/Home.php on line 1.
 1 APPPATH/Views/Home.php(1): CodeIgniter\Debug\Exceptions->errorHandler(2, 'include(views/inc/header.php): Failed to open stream: No such file or directory', '/Users/chungnguyen/Documents/project/mini-project-ci4/app/Views/Home.php', 1)
 2 APPPATH/Views/Home.php(1): include()
 3 SYSTEMPATH/View/View.php(234): include('/Users/chungnguyen/Documents/project/mini-project-ci4/app/Views/Home.php')
 4 SYSTEMPATH/View/View.php(237): CodeIgniter\View\View->CodeIgniter\View\{closure}()
 5 SYSTEMPATH/Common.php(1171): CodeIgniter\View\View->render('Home', [], true)
 6 APPPATH/Controllers/Home.php(9): view('Home')
 7 SYSTEMPATH/CodeIgniter.php(933): App\Controllers\Home->index()
 8 SYSTEMPATH/CodeIgniter.php(509): CodeIgniter\CodeIgniter->runController(Object(App\Controllers\Home))
 9 SYSTEMPATH/CodeIgniter.php(355): CodeIgniter\CodeIgniter->handleRequest(null, Object(Config\Cache), false)
10 SYSTEMPATH/Boot.php(312): CodeIgniter\CodeIgniter->run()
11 SYSTEMPATH/Boot.php(67): CodeIgniter\Boot::runCodeIgniter(Object(CodeIgniter\CodeIgniter))
12 FCPATH/index.php(56): CodeIgniter\Boot::bootWeb(Object(Config\Paths))
13 SYSTEMPATH/Commands/Server/rewrite.php(49): require_once('/Users/chungnguyen/Documents/project/mini-project-ci4/public/index.php')
