CRITICAL - 2024-04-23 01:53:46 --> Error: Class "App\Controllers\UserModel" not found
[Method: POST, Route: Login]
in APPPATH/Controllers/Login.php on line 13.
 1 SYSTEMPATH/CodeIgniter.php(933): App\Controllers\Login->do_Login()
 2 SYSTEMPATH/CodeIgniter.php(509): CodeIgniter\CodeIgniter->runController(Object(App\Controllers\Login))
 3 SYSTEMPATH/CodeIgniter.php(355): CodeIgniter\CodeIgniter->handleRequest(null, Object(Config\Cache), false)
 4 SYSTEMPATH/Boot.php(312): CodeIgniter\CodeIgniter->run()
 5 SYSTEMPATH/Boot.php(67): CodeIgniter\Boot::runCodeIgniter(Object(CodeIgniter\CodeIgniter))
 6 FCPATH/index.php(56): CodeIgniter\Boot::bootWeb(Object(Config\Paths))
 7 SYSTEMPATH/Commands/Server/rewrite.php(49): require_once('/Users/chungnguyen/Documents/project/mini-project-ci4/public/index.php')
CRITICAL - 2024-04-23 01:54:33 --> Error: Class "App\Models\UserModel" not found
[Method: POST, Route: Login]
in APPPATH/Controllers/Login.php on line 15.
 1 SYSTEMPATH/CodeIgniter.php(933): App\Controllers\Login->do_Login()
 2 SYSTEMPATH/CodeIgniter.php(509): CodeIgniter\CodeIgniter->runController(Object(App\Controllers\Login))
 3 SYSTEMPATH/CodeIgniter.php(355): CodeIgniter\CodeIgniter->handleRequest(null, Object(Config\Cache), false)
 4 SYSTEMPATH/Boot.php(312): CodeIgniter\CodeIgniter->run()
 5 SYSTEMPATH/Boot.php(67): CodeIgniter\Boot::runCodeIgniter(Object(CodeIgniter\CodeIgniter))
 6 FCPATH/index.php(56): CodeIgniter\Boot::bootWeb(Object(Config\Paths))
 7 SYSTEMPATH/Commands/Server/rewrite.php(49): require_once('/Users/chungnguyen/Documents/project/mini-project-ci4/public/index.php')
CRITICAL - 2024-04-23 01:54:58 --> Error: Class "App\Controllers\UserModel" not found
[Method: POST, Route: Login]
in APPPATH/Controllers/Login.php on line 15.
 1 SYSTEMPATH/CodeIgniter.php(933): App\Controllers\Login->do_Login()
 2 SYSTEMPATH/CodeIgniter.php(509): CodeIgniter\CodeIgniter->runController(Object(App\Controllers\Login))
 3 SYSTEMPATH/CodeIgniter.php(355): CodeIgniter\CodeIgniter->handleRequest(null, Object(Config\Cache), false)
 4 SYSTEMPATH/Boot.php(312): CodeIgniter\CodeIgniter->run()
 5 SYSTEMPATH/Boot.php(67): CodeIgniter\Boot::runCodeIgniter(Object(CodeIgniter\CodeIgniter))
 6 FCPATH/index.php(56): CodeIgniter\Boot::bootWeb(Object(Config\Paths))
 7 SYSTEMPATH/Commands/Server/rewrite.php(49): require_once('/Users/chungnguyen/Documents/project/mini-project-ci4/public/index.php')
CRITICAL - 2024-04-23 01:55:24 --> ErrorException: Attempt to read property "password" on array
[Method: POST, Route: Login]
in APPPATH/Controllers/Login.php on line 26.
 1 APPPATH/Controllers/Login.php(26): CodeIgniter\Debug\Exceptions->errorHandler(2, 'Attempt to read property "password" on array', '/Users/chungnguyen/Documents/project/mini-project-ci4/app/Controllers/Login.php', 26)
 2 SYSTEMPATH/CodeIgniter.php(933): App\Controllers\Login->do_Login()
 3 SYSTEMPATH/CodeIgniter.php(509): CodeIgniter\CodeIgniter->runController(Object(App\Controllers\Login))
 4 SYSTEMPATH/CodeIgniter.php(355): CodeIgniter\CodeIgniter->handleRequest(null, Object(Config\Cache), false)
 5 SYSTEMPATH/Boot.php(312): CodeIgniter\CodeIgniter->run()
 6 SYSTEMPATH/Boot.php(67): CodeIgniter\Boot::runCodeIgniter(Object(CodeIgniter\CodeIgniter))
 7 FCPATH/index.php(56): CodeIgniter\Boot::bootWeb(Object(Config\Paths))
 8 SYSTEMPATH/Commands/Server/rewrite.php(49): require_once('/Users/chungnguyen/Documents/project/mini-project-ci4/public/index.php')
